<?xml version="1.0" encoding="UTF-8"?>
<!-- Generated by org.testng.reporters.JUnitReportReporter -->
<testsuite hostname="DESKTOP-OC8SAEU" failures="0" tests="1" name="com.automationframework.test.TC_FromConfig000_2" time="2.313" errors="0" timestamp="2022-12-17T22:36:24 GMT" skipped="0">
  <testcase classname="com.automationframework.test.TC_FromConfig000_2" name="loginTest" time="2.313"/>
  <system-out/>
</testsuite> <!-- com.automationframework.test.TC_FromConfig000_2 -->
