<?xml version="1.0" encoding="UTF-8"?>
<!-- Generated by org.testng.reporters.JUnitReportReporter -->
<testsuite hostname="DESKTOP-OC8SAEU" failures="0" tests="1" name="com.automationframework.test.TC_FromConfig000_2" time="3.988" errors="0" timestamp="2023-01-08T02:01:15 GMT" skipped="0">
  <testcase classname="com.automationframework.test.TC_FromConfig000_2" name="loginTest" time="3.988"/>
  <system-out/>
</testsuite> <!-- com.automationframework.test.TC_FromConfig000_2 -->
