<?xml version="1.0" encoding="UTF-8"?>
<!-- Generated by org.testng.reporters.JUnitReportReporter -->
<testsuite hostname="DESKTOP-OC8SAEU" failures="0" tests="2" name="com.automationframework.test.TC_FromExcel0003" time="2.821" errors="0" timestamp="2022-12-17T22:35:47 GMT" skipped="0">
  <testcase classname="com.automationframework.test.TC_FromExcel0003" name="loginTest" time="0.803"/>
  <system-out/>
  <testcase classname="com.automationframework.test.TC_FromExcel0003" name="loginTest1" time="2.018"/>
  <system-out/>
</testsuite> <!-- com.automationframework.test.TC_FromExcel0003 -->
